2025-06-23 15:38:01,970 - nest - INFO - configuration Nest
2025-06-23 15:38:02,129 - nest - INFO - configuration Nest
2025-06-23 15:38:02,187 - nest - INFO - configuration Nest
2025-06-23 15:38:02,226 - nest - INFO - configuration Nest
2025-06-23 15:38:02,276 - nest - INFO - configuration Nest
2025-06-23 15:38:02,276 - nest - INFO - configuration Nest
2025-06-23 15:38:02,341 - nest - INFO - configuration Nest
2025-06-23 15:38:02,409 - nest - INFO - configuration Nest
2025-06-23 15:38:02,422 - nest - INFO - configuration Nest
2025-06-23 15:38:02,431 - nest - INFO - configuration Nest
2025-06-23 15:38:04,306 - nest - INFO - save id 
2025-06-23 15:38:04,307 - nest - INFO - start the simulation
2025-06-23 15:38:04,315 - nest - INFO - Nest Prepare
2025-06-23 15:38:04,308 - nest - INFO - save id 
2025-06-23 15:38:04,306 - nest - INFO - save id 
2025-06-23 15:38:04,328 - nest - INFO - start the simulation
2025-06-23 15:38:04,328 - nest - INFO - Nest Prepare
2025-06-23 15:38:04,325 - nest - INFO - start the simulation
2025-06-23 15:38:04,310 - nest - INFO - save id 
2025-06-23 15:38:04,315 - nest - INFO - save id 
2025-06-23 15:38:04,319 - nest - INFO - save id 
2025-06-23 15:38:04,343 - nest - INFO - start the simulation
2025-06-23 15:38:04,320 - nest - INFO - save id 
2025-06-23 15:38:04,343 - nest - INFO - start the simulation
2025-06-23 15:38:04,325 - nest - INFO - save id 
2025-06-23 15:38:04,333 - nest - INFO - Nest Prepare
2025-06-23 15:38:04,343 - nest - INFO - start the simulation
2025-06-23 15:38:04,343 - nest - INFO - Nest Prepare
2025-06-23 15:38:04,345 - nest - INFO - Nest Prepare
2025-06-23 15:38:04,348 - nest - INFO - save id 
2025-06-23 15:38:04,382 - nest - INFO - start the simulation
2025-06-23 15:38:04,384 - nest - INFO - Nest Prepare
2025-06-23 15:38:04,350 - nest - INFO - start the simulation
2025-06-23 15:38:04,396 - nest - INFO - Nest Prepare
2025-06-23 15:38:04,352 - nest - INFO - save id 
2025-06-23 15:38:04,355 - nest - INFO - Nest Prepare
2025-06-23 15:38:04,404 - nest - INFO - start the simulation
2025-06-23 15:38:04,413 - nest - INFO - Nest Prepare
2025-06-23 15:38:04,491 - nest - INFO - check if the port are file for the port are ready to use
